Determining if the pthread_create exist failed with the following output:
Change Dir: /home/demulab/tukuba_ws/src/tukuba9.1/hokuyo_node/build/CMakeFiles/CMakeTmp

Run Build Command:/usr/bin/make "cmTryCompileExec3641037268/fast"
make[1]: ディレクトリ `/home/demulab/tukuba_ws/src/tukuba9.1/hokuyo_node/build/CMakeFiles/CMakeTmp' に入ります
/usr/bin/make -f CMakeFiles/cmTryCompileExec3641037268.dir/build.make CMakeFiles/cmTryCompileExec3641037268.dir/build
make[2]: ディレクトリ `/home/demulab/tukuba_ws/src/tukuba9.1/hokuyo_node/build/CMakeFiles/CMakeTmp' に入ります
/usr/bin/cmake -E cmake_progress_report /home/demulab/tukuba_ws/src/tukuba9.1/hokuyo_node/build/CMakeFiles/CMakeTmp/CMakeFiles 1
Building C object CMakeFiles/cmTryCompileExec3641037268.dir/CheckSymbolExists.c.o
/usr/bin/cc    -o CMakeFiles/cmTryCompileExec3641037268.dir/CheckSymbolExists.c.o   -c /home/demulab/tukuba_ws/src/tukuba9.1/hokuyo_node/build/CMakeFiles/CMakeTmp/CheckSymbolExists.c
Linking C executable cmTryCompileExec3641037268
/usr/bin/cmake -E cmake_link_script CMakeFiles/cmTryCompileExec3641037268.dir/link.txt --verbose=1
/usr/bin/cc       CMakeFiles/cmTryCompileExec3641037268.dir/CheckSymbolExists.c.o  -o cmTryCompileExec3641037268 -rdynamic 
CMakeFiles/cmTryCompileExec3641037268.dir/CheckSymbolExists.c.o: 関数 `main' 内:
CheckSymbolExists.c:(.text+0x16): `pthread_create' に対する定義されていない参照です
collect2: error: ld returned 1 exit status
make[2]: *** [cmTryCompileExec3641037268] エラー 1
make[2]: ディレクトリ `/home/demulab/tukuba_ws/src/tukuba9.1/hokuyo_node/build/CMakeFiles/CMakeTmp' から出ます
make[1]: ディレクトリ `/home/demulab/tukuba_ws/src/tukuba9.1/hokuyo_node/build/CMakeFiles/CMakeTmp' から出ます
make[1]: *** [cmTryCompileExec3641037268/fast] エラー 2

File /home/demulab/tukuba_ws/src/tukuba9.1/hokuyo_node/build/CMakeFiles/CMakeTmp/CheckSymbolExists.c:
/* */
#include <pthread.h>

int main(int argc, char** argv)
{
  (void)argv;
#ifndef pthread_create
  return ((int*)(&pthread_create))[argc];
#else
  (void)argc;
  return 0;
#endif
}

Determining if the function pthread_create exists in the pthreads failed with the following output:
Change Dir: /home/demulab/tukuba_ws/src/tukuba9.1/hokuyo_node/build/CMakeFiles/CMakeTmp

Run Build Command:/usr/bin/make "cmTryCompileExec3199477929/fast"
make[1]: ディレクトリ `/home/demulab/tukuba_ws/src/tukuba9.1/hokuyo_node/build/CMakeFiles/CMakeTmp' に入ります
/usr/bin/make -f CMakeFiles/cmTryCompileExec3199477929.dir/build.make CMakeFiles/cmTryCompileExec3199477929.dir/build
make[2]: ディレクトリ `/home/demulab/tukuba_ws/src/tukuba9.1/hokuyo_node/build/CMakeFiles/CMakeTmp' に入ります
/usr/bin/cmake -E cmake_progress_report /home/demulab/tukuba_ws/src/tukuba9.1/hokuyo_node/build/CMakeFiles/CMakeTmp/CMakeFiles 1
Building C object CMakeFiles/cmTryCompileExec3199477929.dir/CheckFunctionExists.c.o
/usr/bin/cc   -DCHECK_FUNCTION_EXISTS=pthread_create   -o CMakeFiles/cmTryCompileExec3199477929.dir/CheckFunctionExists.c.o   -c /usr/share/cmake-2.8/Modules/CheckFunctionExists.c
Linking C executable cmTryCompileExec3199477929
/usr/bin/cmake -E cmake_link_script CMakeFiles/cmTryCompileExec3199477929.dir/link.txt --verbose=1
/usr/bin/cc   -DCHECK_FUNCTION_EXISTS=pthread_create    CMakeFiles/cmTryCompileExec3199477929.dir/CheckFunctionExists.c.o  -o cmTryCompileExec3199477929 -rdynamic -lpthreads 
/usr/bin/ld: -lpthreads が見つかりません
collect2: error: ld returned 1 exit status
make[2]: *** [cmTryCompileExec3199477929] エラー 1
make[2]: ディレクトリ `/home/demulab/tukuba_ws/src/tukuba9.1/hokuyo_node/build/CMakeFiles/CMakeTmp' から出ます
make[1]: *** [cmTryCompileExec3199477929/fast] エラー 2
make[1]: ディレクトリ `/home/demulab/tukuba_ws/src/tukuba9.1/hokuyo_node/build/CMakeFiles/CMakeTmp' から出ます


